<?xml version="1.0" encoding="UTF-8"?>
<!-- Generated by org.testng.reporters.JUnitXMLReporter -->
<testsuite ignored="0" hostname="DESKTOP-QPQRMEQ" failures="1" tests="4" name="Error Validations Test" time="261.3" errors="0" timestamp="2024-03-13T18:55:31 IST">
  <testcase classname="MahenderacademyPackage.tests.ErrorValidationsTest" name="LoginErrorValidation" time="2.752">
    <skipped/>
  </testcase> <!-- LoginErrorValidation -->
  <testcase classname="MahenderacademyPackage.tests.ErrorValidationsTest" name="LoginErrorValidation" time="0.817">
    <skipped/>
  </testcase> <!-- LoginErrorValidation -->
  <testcase classname="MahenderacademyPackage.tests.ErrorValidationsTest" name="LoginErrorValidation" time="0.831">
    <failure type="java.lang.AssertionError" message="expected [Incorrect email or password.] but found [Incorrect  or password.]">
      <![CDATA[java.lang.AssertionError: expected [Incorrect email or password.] but found [Incorrect  or password.]
at MahenderacademyPackage.tests.ErrorValidationsTest.LoginErrorValidation(ErrorValidationsTest.java:27)
at java.base/java.util.ArrayList.forEach(ArrayList.java:1511)
at java.base/java.util.concurrent.FutureTask.run(FutureTask.java:264)
at java.base/java.util.concurrent.ThreadPoolExecutor.runWorker(ThreadPoolExecutor.java:1136)
at java.base/java.util.concurrent.ThreadPoolExecutor$Worker.run(ThreadPoolExecutor.java:635)
at java.base/java.lang.Thread.run(Thread.java:840)
... Removed 23 stack frames]]>
    </failure>
  </testcase> <!-- LoginErrorValidation -->
  <testcase classname="MahenderacademyPackage.tests.ErrorValidationsTest" name="ProductErrorValidation" time="8.203"/>
</testsuite> <!-- Error Validations Test -->
